c:\users\sl\source\repos\japroject\jadllc\debug\jadllc.pch
c:\users\sl\source\repos\japroject\jadllc\debug\vc141.pdb
c:\users\sl\source\repos\japroject\jadllc\debug\vc141.idb
c:\users\sl\source\repos\japroject\jadllc\debug\stdafx.obj
c:\users\sl\source\repos\japroject\jadllc\debug\dllmain.obj
c:\users\sl\source\repos\japroject\jadllc\debug\jadllc.obj
c:\users\sl\source\repos\japroject\debug\jadllc.lib
c:\users\sl\source\repos\japroject\debug\jadllc.exp
c:\users\sl\source\repos\japroject\debug\jadllc.dll
c:\users\sl\source\repos\japroject\debug\jadllc.ilk
c:\users\sl\source\repos\japroject\debug\jadllc.pdb
c:\users\sl\source\repos\japroject\jadllc\debug\jadllc.tlog\cl.command.1.tlog
c:\users\sl\source\repos\japroject\jadllc\debug\jadllc.tlog\cl.read.1.tlog
c:\users\sl\source\repos\japroject\jadllc\debug\jadllc.tlog\cl.write.1.tlog
c:\users\sl\source\repos\japroject\jadllc\debug\jadllc.tlog\jadllc.write.1u.tlog
c:\users\sl\source\repos\japroject\jadllc\debug\jadllc.tlog\link.12936.delete.1.tlog
c:\users\sl\source\repos\japroject\jadllc\debug\jadllc.tlog\link.15056.delete.1.tlog
c:\users\sl\source\repos\japroject\jadllc\debug\jadllc.tlog\link.7076.delete.1.tlog
c:\users\sl\source\repos\japroject\jadllc\debug\jadllc.tlog\link.command.1.tlog
c:\users\sl\source\repos\japroject\jadllc\debug\jadllc.tlog\link.delete.1.tlog
c:\users\sl\source\repos\japroject\jadllc\debug\jadllc.tlog\link.read.1.tlog
c:\users\sl\source\repos\japroject\jadllc\debug\jadllc.tlog\link.write.1.tlog
